
/home/runner/work/exp-type-0-1-2-systems-dei/exp-type-0-1-2-systems-dei/experiment/simulation/js/main.js
    8:5   warning  'eqn' is defined but never used             no-unused-vars
    9:5   warning  'poles' is assigned a value but never used  no-unused-vars
   10:5   warning  'roots' is assigned a value but never used  no-unused-vars
   12:11  warning  'changepage' is defined but never used      no-unused-vars
   25:11  warning  'addval' is defined but never used          no-unused-vars
   26:6   warning  'lab' is not defined                        no-undef
   27:6   warning  'dat' is not defined                        no-undef
   28:6   warning  'a' is not defined                          no-undef
   29:10  warning  'nums' is defined but never used            no-unused-vars
   29:16  warning  'dens' is defined but never used            no-unused-vars
   36:10  warning  'x1' is defined but never used              no-unused-vars
   36:14  warning  'y1' is defined but never used              no-unused-vars
   37:10  warning  'ni' is assigned a value but never used     no-unused-vars
   38:10  warning  'di' is assigned a value but never used     no-unused-vars
   40:6   warning  'b1' is not defined                         no-undef
   41:6   warning  'a2' is not defined                         no-undef
   42:6   warning  'b2' is not defined                         no-undef
   44:6   warning  'c2' is not defined                         no-undef
   45:19  warning  'b1' is not defined                         no-undef
   45:23  warning  'a2' is not defined                         no-undef
   45:27  warning  'b2' is not defined                         no-undef
   45:31  warning  'c2' is not defined                         no-undef
   46:22  warning  'b1' is not defined                         no-undef
   46:26  warning  'a2' is not defined                         no-undef
   46:30  warning  'b2' is not defined                         no-undef
   46:34  warning  'c2' is not defined                         no-undef
   70:14  warning  'a' is not defined                          no-undef
   71:38  warning  'a' is not defined                          no-undef
   73:18  warning  'a' is not defined                          no-undef
   79:14  warning  'a2' is not defined                         no-undef
   80:42  warning  'a2' is not defined                         no-undef
   81:14  warning  'b2' is not defined                         no-undef
   82:18  warning  'a2' is not defined                         no-undef
   83:54  warning  'b2' is not defined                         no-undef
   85:46  warning  'b2' is not defined                         no-undef
   86:14  warning  'c2' is not defined                         no-undef
   87:18  warning  'b2' is not defined                         no-undef
   88:54  warning  'c2' is not defined                         no-undef
   90:46  warning  'c2' is not defined                         no-undef
  115:14  warning  'j' is defined but never used               no-unused-vars
  115:17  warning  'k' is defined but never used               no-unused-vars
  121:9   warning  'MathJax' is not defined                    no-undef
  121:39  warning  'MathJax' is not defined                    no-undef
  122:9   warning  'MathJax' is not defined                    no-undef
  122:39  warning  'MathJax' is not defined                    no-undef
  123:9   warning  'MathJax' is not defined                    no-undef
  123:39  warning  'MathJax' is not defined                    no-undef
  124:9   warning  'MathJax' is not defined                    no-undef
  124:39  warning  'MathJax' is not defined                    no-undef
  137:3   warning  Unnecessary semicolon                       no-extra-semi
  141:11  warning  'showval' is defined but never used         no-unused-vars
  146:3   warning  Unnecessary semicolon                       no-extra-semi
  153:3   warning  Unnecessary semicolon                       no-extra-semi
  157:11  warning  'runprog' is defined but never used         no-unused-vars
  157:19  warning  'i' is defined but never used               no-unused-vars
  173:3   warning  Unnecessary semicolon                       no-extra-semi
  181:14  warning  'chartplot1' is already defined             no-redeclare
  182:14  warning  'chartplot2' is already defined             no-redeclare
  201:23  warning  'Chart' is not defined                      no-undef
  245:23  warning  'Chart' is not defined                      no-undef
  301:3   warning  Unnecessary semicolon                       no-extra-semi
  305:11  warning  'dispmenu' is defined but never used        no-unused-vars
  519:11  warning  'amplituder1' is defined but never used     no-unused-vars
  524:11  warning  'amplituder2' is defined but never used     no-unused-vars
  529:11  warning  'amplitud' is defined but never used        no-unused-vars

/home/runner/work/exp-type-0-1-2-systems-dei/exp-type-0-1-2-systems-dei/experiment/simulation/js/main1.js
    7:5    warning  'lab_ramp' is assigned a value but never used  no-unused-vars
    8:5    warning  'dat_ramp' is assigned a value but never used  no-unused-vars
   12:5    warning  'eqn' is defined but never used                no-unused-vars
   13:5    warning  'poles' is assigned a value but never used     no-unused-vars
   14:5    warning  'roots' is assigned a value but never used     no-unused-vars
   16:10   warning  'changepage' is defined but never used         no-unused-vars
   29:10   warning  'addval' is defined but never used             no-unused-vars
   30:5    warning  'lab' is not defined                           no-undef
   31:5    warning  'dat' is not defined                           no-undef
   32:5    warning  'a' is not defined                             no-undef
   33:9    warning  'nums' is defined but never used               no-unused-vars
   33:15   warning  'dens' is defined but never used               no-unused-vars
   40:9    warning  'x1' is defined but never used                 no-unused-vars
   40:13   warning  'y1' is defined but never used                 no-unused-vars
   41:9    warning  'ni' is assigned a value but never used        no-unused-vars
   42:9    warning  'di' is assigned a value but never used        no-unused-vars
   44:5    warning  'b1' is not defined                            no-undef
   45:5    warning  'a2' is not defined                            no-undef
   46:5    warning  'b2' is not defined                            no-undef
   48:5    warning  'c2' is not defined                            no-undef
   48:24   warning  'b1' is not defined                            no-undef
   49:21   warning  'b1' is not defined                            no-undef
   49:25   warning  'a2' is not defined                            no-undef
   49:29   warning  'b2' is not defined                            no-undef
   49:33   warning  'c2' is not defined                            no-undef
   50:18   warning  'b1' is not defined                            no-undef
   50:22   warning  'a2' is not defined                            no-undef
   50:26   warning  'b2' is not defined                            no-undef
   50:30   warning  'c2' is not defined                            no-undef
   75:14   warning  'a' is not defined                             no-undef
   76:38   warning  'a' is not defined                             no-undef
   78:18   warning  'a' is not defined                             no-undef
   84:14   warning  'a2' is not defined                            no-undef
   85:42   warning  'a2' is not defined                            no-undef
   86:14   warning  'b2' is not defined                            no-undef
   87:18   warning  'a2' is not defined                            no-undef
   88:54   warning  'b2' is not defined                            no-undef
   90:46   warning  'b2' is not defined                            no-undef
   91:14   warning  'c2' is not defined                            no-undef
   92:18   warning  'b2' is not defined                            no-undef
   93:54   warning  'c2' is not defined                            no-undef
   95:46   warning  'c2' is not defined                            no-undef
  158:13   warning  'j' is defined but never used                  no-unused-vars
  158:16   warning  'k' is defined but never used                  no-unused-vars
  164:9    warning  'MathJax' is not defined                       no-undef
  164:39   warning  'MathJax' is not defined                       no-undef
  165:9    warning  'MathJax' is not defined                       no-undef
  165:39   warning  'MathJax' is not defined                       no-undef
  166:9    warning  'MathJax' is not defined                       no-undef
  166:39   warning  'MathJax' is not defined                       no-undef
  168:9    warning  'MathJax' is not defined                       no-undef
  168:39   warning  'MathJax' is not defined                       no-undef
  181:2    warning  Unnecessary semicolon                          no-extra-semi
  185:10   warning  'showval' is defined but never used            no-unused-vars
  190:2    warning  Unnecessary semicolon                          no-extra-semi
  197:2    warning  Unnecessary semicolon                          no-extra-semi
  201:10   warning  'runprog' is defined but never used            no-unused-vars
  217:2    warning  Unnecessary semicolon                          no-extra-semi
  227:13   warning  'chartplot1' is already defined                no-redeclare
  228:13   warning  'chartplot2' is already defined                no-redeclare
  250:22   warning  'Chart' is not defined                         no-undef
  294:22   warning  'Chart' is not defined                         no-undef
  390:2    warning  Unnecessary semicolon                          no-extra-semi
  394:10   warning  'dispmenu' is defined but never used           no-unused-vars
  510:9    warning  'co5' is not defined                           no-undef
  513:146  warning  'co5' is not defined                           no-undef
  516:59   warning  'co5' is not defined                           no-undef

/home/runner/work/exp-type-0-1-2-systems-dei/exp-type-0-1-2-systems-dei/experiment/simulation/js/main2.js
    6:5    warning  'lab_final' is assigned a value but never used  no-unused-vars
    7:5    warning  'lab_ramp' is assigned a value but never used   no-unused-vars
    8:5    warning  'dat_ramp' is assigned a value but never used   no-unused-vars
   11:5    warning  'eqn' is defined but never used                 no-unused-vars
   12:5    warning  'poles' is assigned a value but never used      no-unused-vars
   13:5    warning  'roots' is assigned a value but never used      no-unused-vars
   15:10   warning  'changepage' is defined but never used          no-unused-vars
   28:10   warning  'addval' is defined but never used              no-unused-vars
   29:5    warning  'lab' is not defined                            no-undef
   30:5    warning  'dat' is not defined                            no-undef
   31:5    warning  'a' is not defined                              no-undef
   32:9    warning  'nums' is defined but never used                no-unused-vars
   32:15   warning  'dens' is defined but never used                no-unused-vars
   39:9    warning  'x1' is defined but never used                  no-unused-vars
   39:13   warning  'y1' is defined but never used                  no-unused-vars
   40:9    warning  'ni' is assigned a value but never used         no-unused-vars
   41:9    warning  'di' is assigned a value but never used         no-unused-vars
   43:5    warning  'b1' is not defined                             no-undef
   44:5    warning  'a2' is not defined                             no-undef
   45:5    warning  'b2' is not defined                             no-undef
   47:5    warning  'c2' is not defined                             no-undef
   47:24   warning  'b1' is not defined                             no-undef
   48:21   warning  'b1' is not defined                             no-undef
   48:25   warning  'a2' is not defined                             no-undef
   48:29   warning  'b2' is not defined                             no-undef
   48:33   warning  'c2' is not defined                             no-undef
   49:18   warning  'b1' is not defined                             no-undef
   49:22   warning  'a2' is not defined                             no-undef
   49:26   warning  'b2' is not defined                             no-undef
   49:30   warning  'c2' is not defined                             no-undef
   74:14   warning  'a' is not defined                              no-undef
   75:38   warning  'a' is not defined                              no-undef
   77:18   warning  'a' is not defined                              no-undef
   83:14   warning  'a2' is not defined                             no-undef
   84:42   warning  'a2' is not defined                             no-undef
   85:14   warning  'b2' is not defined                             no-undef
   86:18   warning  'a2' is not defined                             no-undef
   87:54   warning  'b2' is not defined                             no-undef
   89:46   warning  'b2' is not defined                             no-undef
   90:14   warning  'c2' is not defined                             no-undef
   91:18   warning  'b2' is not defined                             no-undef
   92:54   warning  'c2' is not defined                             no-undef
   94:46   warning  'c2' is not defined                             no-undef
  150:13   warning  'j' is defined but never used                   no-unused-vars
  150:16   warning  'k' is defined but never used                   no-unused-vars
  156:9    warning  'MathJax' is not defined                        no-undef
  156:39   warning  'MathJax' is not defined                        no-undef
  157:9    warning  'MathJax' is not defined                        no-undef
  157:39   warning  'MathJax' is not defined                        no-undef
  158:9    warning  'MathJax' is not defined                        no-undef
  158:39   warning  'MathJax' is not defined                        no-undef
  160:9    warning  'MathJax' is not defined                        no-undef
  160:39   warning  'MathJax' is not defined                        no-undef
  173:2    warning  Unnecessary semicolon                           no-extra-semi
  177:10   warning  'showval' is defined but never used             no-unused-vars
  182:2    warning  Unnecessary semicolon                           no-extra-semi
  189:2    warning  Unnecessary semicolon                           no-extra-semi
  193:10   warning  'runprog' is defined but never used             no-unused-vars
  193:18   warning  'i' is defined but never used                   no-unused-vars
  209:2    warning  Unnecessary semicolon                           no-extra-semi
  218:13   warning  'chartplot1' is already defined                 no-redeclare
  219:13   warning  'chartplot2' is already defined                 no-redeclare
  238:22   warning  'Chart' is not defined                          no-undef
  282:22   warning  'Chart' is not defined                          no-undef
  377:2    warning  Unnecessary semicolon                           no-extra-semi
  381:10   warning  'dispmenu' is defined but never used            no-unused-vars
  417:9    warning  'co5' is not defined                            no-undef
  418:145  warning  'co5' is not defined                            no-undef
  423:58   warning  'co5' is not defined                            no-undef

✖ 201 problems (0 errors, 201 warnings)
  0 errors and 15 warnings potentially fixable with the `--fix` option.

